2017-06-21 13:02:19,220 [INFO] com.guru.testing.tests.LaunchApplication:loadObjectMaps()
2017-06-21 13:02:19,226 [INFO] com.guru.framework.testing.helpers.ObjectMapHelper:loadObjectMaps()
2017-06-21 13:02:19,228 [INFO] com.guru.framework.testing.helpers.ObjectMapHelper:loadTheFiles()
2017-06-21 13:02:28,516 [INFO] com.guru.testing.tests.LaunchApplication:navigateToUrlTest(): Navigating to: https://qa.guru.com/login.aspx
2017-06-21 13:02:28,981 [INFO] com.guru.testing.page.LoginPageTest:verifyLoginPageTest()
2017-06-21 13:02:29,152 [INFO] com.guru.testing.page.LoginPageTest:verifyEmailOrUsernameTextTest()
2017-06-21 13:02:29,205 [INFO] com.guru.testing.page.LoginPageTest:verifyPasswordTextTest()
2017-06-21 13:02:29,267 [INFO] com.guru.testing.page.LoginPageTest:enterEmailOrUsernameTest()
2017-06-21 13:02:29,367 [INFO] com.guru.testing.page.LoginPageTest:enterPasswordTest()
2017-06-21 13:02:29,459 [INFO] com.guru.testing.page.LoginPageTest:clickSignInButtonTest()
2017-06-21 13:02:29,533 [INFO] com.guru.testing.page.SecurityQuestionsPageTest:verifyingSecurityQuestionsPageTest()
2017-06-21 13:02:36,946 [INFO] com.guru.testing.page.SecurityQuestionsPageTest:validateSecurityQuestionsPageTest()
2017-06-21 13:02:36,946 [INFO] com.guru.testing.page.SecurityQuestionsPageTest:verifyingSecurityQuestionsPageTest()
2017-06-21 13:02:36,955 [INFO] com.guru.testing.page.SecurityQuestionsPageTest:verifySkipThisForNowLinkTest()
2017-06-21 13:02:42,206 [INFO] com.guru.testing.page.SecurityQuestionsPageTest:verifySkipThisForNowLinkTest(): 'Skip this for now' link isn't present.
2017-06-21 13:02:42,207 [INFO] com.guru.testing.page.SecurityQuestionsPageTest:enterSecurityAnswerTest()
2017-06-21 13:02:42,348 [INFO] com.guru.testing.page.SecurityQuestionsPageTest:clickContinueButtonTest()
2017-06-21 13:02:48,047 [INFO] com.guru.testing.page.PhoneVerificationPageTest:verifyPhoneVerificationPageTest()
2017-06-21 13:03:08,542 [INFO] com.guru.testing.page.PhoneVerificationPageTest:didPhoneVerificationPageAppearTest(): The Phone verification page didn't appear. Skipping to further verifications.
2017-06-21 13:03:08,587 [INFO] com.guru.testing.page.DashboardPageTest:verifyEMPDashboardPageTest()
2017-06-21 13:03:08,822 [INFO] com.guru.testing.page.DashboardPageTest:clickPostAJobTopNavTest()
2017-06-21 13:03:14,951 [INFO] com.guru.testing.page.PostAJobPageTest:verifyPostAJobPageTest()
2017-06-21 13:03:15,839 [INFO] com.guru.testing.page.PostAJobPageTest:enterRandomJobTitleTest()
2017-06-21 13:03:16,171 [INFO] com.guru.testing.page.PostAJobPageTest:checkMinCharWarningTest()
2017-06-21 13:03:16,185 [INFO] com.guru.testing.page.PostAJobPageTest:enterJobDescriptionTest()
2017-06-21 13:03:16,525 [INFO] com.guru.testing.page.PostAJobPageTest:checkIfEnteredDetailsAreValid()
2017-06-21 13:03:21,562 [INFO] com.guru.testing.page.PostAJobPageTest:clickCategoryTest()
2017-06-21 13:03:21,726 [INFO] com.guru.testing.page.PostAJobPageTest:enterKeywordsTest()
2017-06-21 13:03:21,726 [INFO] com.guru.testing.page.PostAJobPageTest:didAnySkillMatchAppear()
2017-06-21 13:03:26,052 [INFO] com.guru.testing.page.PostAJobPageTest:didAnySkillMatchAppear(): Matched skills appeared. Clicking on it.
2017-06-21 13:03:26,053 [INFO] com.guru.testing.page.PostAJobPageTest:clickSuggestedSkillMatch()
2017-06-21 13:03:26,146 [INFO] com.guru.testing.page.PostAJobPageTest:enterKeyword()
2017-06-21 13:03:31,404 [INFO] com.guru.testing.page.PostAJobPageTest:checkValidKeywordEntry()
2017-06-21 13:03:36,487 [INFO] com.guru.testing.page.PostAJobPageTest:selectFixedPriceBudgetTest()
2017-06-21 13:03:36,624 [INFO] com.guru.testing.page.PostAJobPageTest:clickFeatureMyJobTest()
2017-06-21 13:03:36,691 [INFO] com.guru.testing.page.PostAJobPageTest:clickPostJobButtonTest()
2017-06-21 13:03:36,776 [INFO] com.guru.testing.page.PayNowPageTest:verifyPayNowPageTest()
2017-06-21 13:03:48,542 [INFO] com.guru.testing.page.PayNowPageTest:selectAgreeToPayCheckboxTest()
2017-06-21 13:03:48,614 [INFO] com.guru.testing.page.PayNowPageTest:clickPayTest()
2017-06-21 13:03:48,705 [INFO] com.guru.testing.page.PayNowPageTest:verifyJobPostedTest()
2017-06-21 13:04:01,209 [INFO] com.guru.testing.page.DashboardPageTest:clickDashboardTopNavTest()
2017-06-21 13:04:03,994 [INFO] com.guru.testing.page.DashboardPageTest:verifyEMPDashboardPageTest()
2017-06-21 13:04:04,230 [INFO] com.guru.testing.page.DashboardPageTest:clickRandomJobnamePostedTest()
2017-06-21 13:04:11,416 [INFO] com.guru.testing.page.HirePageTest:verifyHirePageTest()
2017-06-21 13:04:23,460 [INFO] com.guru.testing.page.HirePageTest:getTinyURLTest()
2017-06-21 13:04:26,465 [INFO] com.guru.testing.page.DashboardPageTest:signOutEmployerTest()
2017-06-21 13:04:36,682 [INFO] com.guru.testing.page.LoginPageTest:verifyLoginPageTest()
2017-06-21 13:04:36,740 [INFO] com.guru.testing.page.LoginPageTest:verifyEmailOrUsernameTextTest()
2017-06-21 13:04:36,769 [INFO] com.guru.testing.page.LoginPageTest:verifyPasswordTextTest()
2017-06-21 13:04:36,828 [INFO] com.guru.testing.page.LoginPageTest:enterEmailOrUsernameTest()
2017-06-21 13:04:36,937 [INFO] com.guru.testing.page.LoginPageTest:enterPasswordTest()
2017-06-21 13:04:37,042 [INFO] com.guru.testing.page.LoginPageTest:clickSignInButtonTest()
2017-06-21 13:04:40,828 [INFO] com.guru.testing.page.SecurityQuestionsPageTest:validateSecurityQuestionsPageTest()
2017-06-21 13:04:40,829 [INFO] com.guru.testing.page.SecurityQuestionsPageTest:verifyingSecurityQuestionsPageTest()
2017-06-21 13:04:40,838 [INFO] com.guru.testing.page.SecurityQuestionsPageTest:verifySkipThisForNowLinkTest()
2017-06-21 13:04:45,860 [INFO] com.guru.testing.page.SecurityQuestionsPageTest:verifySkipThisForNowLinkTest(): 'Skip this for now' link isn't present.
2017-06-21 13:04:45,861 [INFO] com.guru.testing.page.SecurityQuestionsPageTest:enterSecurityAnswerTest()
2017-06-21 13:04:46,003 [INFO] com.guru.testing.page.SecurityQuestionsPageTest:clickContinueButtonTest()
2017-06-21 13:05:00,353 [INFO] com.guru.testing.page.PhoneVerificationPageTest:didPhoneVerificationPageAppearTest(): The Phone verification page didn't appear. Skipping to further verifications.
2017-06-21 13:05:00,359 [INFO] com.guru.testing.page.DashboardPageTest:verifyFLDashboardPageTest()
2017-06-21 13:05:06,489 [INFO] com.guru.testing.page.LaunchApplicationPageTest:navigateToUrlTest(): Navigating to: http://tinyurl.com/y7u65fbl
2017-06-21 13:05:06,513 [INFO] com.guru.testing.page.JobDetailsPageTest:verifyJobDetailsPageTest()
2017-06-21 13:05:07,808 [INFO] com.guru.testing.page.JobDetailsPageTest:clickApplyTest()
2017-06-21 13:05:07,865 [INFO] com.guru.testing.page.JobDetailsPageTest:verifyApplyQuotesFormTest()
2017-06-21 13:05:13,394 [INFO] com.guru.testing.page.JobDetailsPageTest:enterMilestonesTest()
2017-06-21 13:05:15,094 [INFO] com.guru.testing.page.JobDetailsPageTest:enterScopeOfWorkTest()
2017-06-21 13:05:15,395 [INFO] com.guru.testing.page.JobDetailsPageTest:clickToSubmitQuoteTest()
2017-06-21 13:05:15,471 [INFO] com.guru.testing.page.JobDetailsPageTest:verifyQuoteSubmittedTest()
2017-06-21 13:05:16,803 [INFO] com.guru.testing.page.DashboardPageTest:signOutFlTest()
2017-06-21 13:05:22,870 [INFO] com.guru.testing.page.LoginPageTest:verifyLoginPageTest()
2017-06-21 13:05:22,926 [INFO] com.guru.testing.page.LoginPageTest:verifyEmailOrUsernameTextTest()
2017-06-21 13:05:22,959 [INFO] com.guru.testing.page.LoginPageTest:verifyPasswordTextTest()
2017-06-21 13:05:23,020 [INFO] com.guru.testing.page.LoginPageTest:enterEmailOrUsernameTest()
2017-06-21 13:05:23,124 [INFO] com.guru.testing.page.LoginPageTest:enterPasswordTest()
2017-06-21 13:05:23,216 [INFO] com.guru.testing.page.LoginPageTest:clickSignInButtonTest()
2017-06-21 13:05:33,317 [INFO] com.guru.testing.page.PhoneVerificationPageTest:didPhoneVerificationPageAppearTest(): The Phone verification page didn't appear. Skipping to further verifications.
2017-06-21 13:05:33,322 [INFO] com.guru.testing.page.DashboardPageTest:verifyEMPDashboardPageTest()
2017-06-21 13:05:33,543 [INFO] com.guru.testing.page.DashboardPageTest:clickRandomJobnamePostedTest()
2017-06-21 13:05:36,929 [INFO] com.guru.testing.page.HirePageTest:verifyHirePageTest()
2017-06-21 13:05:37,962 [INFO] com.guru.testing.page.HirePageTest:clickHireBtnTest()
2017-06-21 13:05:38,422 [INFO] com.guru.testing.page.HirePageTest:clickAcknowledgeCheckboxTest()
2017-06-21 13:05:38,496 [INFO] com.guru.testing.page.HirePageTest:clickHireInHirePopupTest()
2017-06-21 13:05:47,102 [INFO] com.guru.testing.page.DashboardPageTest:signOutEmployerTest()
2017-06-21 13:05:56,812 [INFO] com.guru.testing.page.LoginPageTest:verifyLoginPageTest()
2017-06-21 13:05:56,861 [INFO] com.guru.testing.page.LoginPageTest:verifyEmailOrUsernameTextTest()
2017-06-21 13:05:56,887 [INFO] com.guru.testing.page.LoginPageTest:verifyPasswordTextTest()
2017-06-21 13:05:56,940 [INFO] com.guru.testing.page.LoginPageTest:enterEmailOrUsernameTest()
2017-06-21 13:05:57,040 [INFO] com.guru.testing.page.LoginPageTest:enterPasswordTest()
2017-06-21 13:05:57,160 [INFO] com.guru.testing.page.LoginPageTest:clickSignInButtonTest()
2017-06-21 13:06:10,831 [INFO] com.guru.testing.page.PhoneVerificationPageTest:didPhoneVerificationPageAppearTest(): The Phone verification page didn't appear. Skipping to further verifications.
2017-06-21 13:06:10,836 [INFO] com.guru.testing.page.DashboardPageTest:verifyFLDashboardPageTest()
2017-06-21 13:06:11,039 [INFO] com.guru.testing.page.DashboardPageTest:clickFLWorkroomByIndexTest()
2017-06-21 13:06:16,404 [INFO] com.guru.testing.page.WorkroomPageTest:verifyFLWorkroomPageTest()
2017-06-21 13:06:16,628 [INFO] com.guru.testing.page.WorkroomPageTest:clickFirstMileSendInvTest()
2017-06-21 13:06:23,763 [INFO] com.guru.testing.page.InvoicePageTest:verifyCreateInvoicePageTest()
2017-06-21 13:06:33,771 [INFO] com.guru.testing.page.InvoicePageTest:selectKindOfJobTest()
2017-06-21 13:06:33,845 [INFO] com.guru.testing.page.InvoicePageTest:clickPreviewInvoiceTest()
2017-06-21 13:06:35,998 [INFO] com.guru.testing.page.InvoicePageTest:clickSendInvoiceTest()
2017-06-21 13:06:38,074 [INFO] com.guru.testing.page.PaymentsInvoicePageTest:verifyFLInvoicePageTest()
2017-06-21 13:06:41,344 [INFO] com.guru.testing.page.DashboardPageTest:signOutFlTest()
2017-06-21 13:06:46,867 [INFO] com.guru.testing.page.LoginPageTest:verifyLoginPageTest()
2017-06-21 13:06:46,928 [INFO] com.guru.testing.page.LoginPageTest:verifyEmailOrUsernameTextTest()
2017-06-21 13:06:46,955 [INFO] com.guru.testing.page.LoginPageTest:verifyPasswordTextTest()
2017-06-21 13:06:47,014 [INFO] com.guru.testing.page.LoginPageTest:enterEmailOrUsernameTest()
2017-06-21 13:06:47,112 [INFO] com.guru.testing.page.LoginPageTest:enterPasswordTest()
2017-06-21 13:06:47,216 [INFO] com.guru.testing.page.LoginPageTest:clickSignInButtonTest()
2017-06-21 13:07:02,404 [INFO] com.guru.testing.page.PhoneVerificationPageTest:didPhoneVerificationPageAppearTest(): The Phone verification page didn't appear. Skipping to further verifications.
2017-06-21 13:07:02,408 [INFO] com.guru.testing.page.DashboardPageTest:verifyEMPDashboardPageTest()
2017-06-21 13:07:02,639 [INFO] com.guru.testing.page.DashboardPageTest:clickPayTabTest()
2017-06-21 13:07:05,386 [INFO] com.guru.testing.page.PaymentsInvoicePageTest:verifyInvoicePageTest()
2017-06-21 13:07:05,682 [INFO] com.guru.testing.page.PaymentsInvoicePageTest:clickFirstUnpaidInvTest()
2017-06-21 13:07:05,683 [INFO] com.guru.testing.page.InvoicePageTest:clickFirstUnpaidInvTest()
2017-06-21 13:07:05,937 [INFO] com.guru.testing.page.PaymentsInvoicePageTest:verifyInvoiceDetailsTest()
2017-06-21 13:07:17,671 [INFO] com.guru.testing.page.PaymentsInvoicePageTest:clickPayInvoiceTest()
2017-06-21 13:07:17,671 [INFO] com.guru.testing.page.InvoicePageTest:clickPayInvoiceTest()
2017-06-21 13:07:21,908 [INFO] com.guru.testing.page.PayNowPageTest:verifyPayNowPageTest()
2017-06-21 13:07:28,770 [INFO] com.guru.testing.page.PayNowPageTest:selectECheckTest()
2017-06-21 13:07:29,008 [INFO] com.guru.testing.page.PayNowPageTest:selectAgreeToPayCheckboxTest()
2017-06-21 13:07:29,079 [INFO] com.guru.testing.page.PayNowPageTest:clickPayTest()
2017-06-21 13:07:29,163 [INFO] com.guru.testing.page.PayNowPageTest:verifyInvoicePaidTest()
2017-06-21 13:07:34,643 [INFO] com.guru.testing.page.DashboardPageTest:signOutEmployerTest()
2017-06-21 13:07:40,247 [INFO] com.guru.testing.page.LoginPageTest:verifyLoginPageTest()
2017-06-21 13:07:43,684 [INFO] com.guru.testing.page.LoginPageTest:verifyEmailOrUsernameTextTest()
2017-06-21 13:07:43,712 [INFO] com.guru.testing.page.LoginPageTest:verifyPasswordTextTest()
2017-06-21 13:07:44,686 [INFO] com.guru.testing.page.LaunchApplicationPageTest:navigateToUrlTest(): Navigating to: https://qa.guru.com/admin/login.aspx
2017-06-21 13:07:44,748 [INFO] com.guru.testing.page.AdminLoginPageTest:verifyAdminLoginPage()
2017-06-21 13:08:30,844 [INFO] com.guru.testing.page.AdminLoginPageTest:verifyAdminLoginPage()
