2017-06-16 10:15:14,765 [INFO] com.guru.testing.page.LaunchApplicationPageTest:loadObjectMaps()
2017-06-16 10:15:14,771 [INFO] com.guru.framework.testing.helpers.ObjectMapHelper:loadObjectMaps()
2017-06-16 10:15:14,772 [INFO] com.guru.framework.testing.helpers.ObjectMapHelper:loadTheFiles()
2017-06-16 10:15:23,994 [INFO] com.guru.testing.page.LaunchApplicationPageTest:navigateToUrlTest(): Navigating to: https://qa.guru.com/login.aspx
2017-06-16 10:15:24,025 [INFO] com.guru.testing.page.LoginPageTest:verifyLoginPageTest()
2017-06-16 10:15:24,086 [INFO] com.guru.testing.page.LoginPageTest:verifyEmailOrUsernameTextTest()
2017-06-16 10:15:24,116 [INFO] com.guru.testing.page.LoginPageTest:verifyPasswordTextTest()
2017-06-16 10:15:24,173 [INFO] com.guru.testing.page.LoginPageTest:enterEmailOrUsernameTest()
2017-06-16 10:15:24,289 [INFO] com.guru.testing.page.LoginPageTest:enterPasswordTest()
2017-06-16 10:15:24,383 [INFO] com.guru.testing.page.LoginPageTest:clickSignInButtonTest()
2017-06-16 10:15:44,848 [INFO] com.guru.testing.page.SecurityQuestionsPageTest:validateSecurityQuestionsPageTest()
2017-06-16 10:15:44,848 [INFO] com.guru.testing.page.SecurityQuestionsPageTest:verifyingSecurityQuestionsPageTest()
2017-06-16 10:15:44,853 [INFO] com.guru.testing.page.SecurityQuestionsPageTest:verifySkipThisForNowLinkTest()
2017-06-16 10:15:49,957 [INFO] com.guru.testing.page.SecurityQuestionsPageTest:verifySkipThisForNowLinkTest(): 'Skip this for now' link isn't present.
2017-06-16 10:15:49,958 [INFO] com.guru.testing.page.SecurityQuestionsPageTest:enterSecurityAnswerTest()
2017-06-16 10:15:50,068 [INFO] com.guru.testing.page.SecurityQuestionsPageTest:clickContinueButtonTest()
2017-06-16 10:15:54,561 [INFO] com.guru.testing.page.PhoneVerificationPageTest:verifyPhoneVerificationPageTest()
2017-06-16 10:16:04,860 [INFO] com.guru.testing.page.PhoneVerificationPageTest:didPhoneVerificationPageAppearTest(): The Phone verification page didn't appear. Skipping to further verifications.
2017-06-16 10:16:04,864 [INFO] com.guru.testing.page.DashboardPageTest:verifyEMPDashboardPageTest()
2017-06-16 10:16:05,113 [INFO] com.guru.testing.page.DashboardPageTest:clickPostAJobTopNavTest()
2017-06-16 10:16:08,678 [INFO] com.guru.testing.page.PostAJobPageTest:verifyPostAJobPageTest()
2017-06-16 10:16:09,614 [INFO] com.guru.testing.page.PostAJobPageTest:enterRandomJobTitleTest()
2017-06-16 10:16:09,891 [INFO] com.guru.testing.page.PostAJobPageTest:checkMinCharWarningTest()
2017-06-16 10:16:09,906 [INFO] com.guru.testing.page.PostAJobPageTest:enterJobDescriptionTest()
2017-06-16 10:16:11,408 [INFO] com.guru.testing.page.PostAJobPageTest:checkIfEnteredDetailsAreValid()
2017-06-16 10:16:16,445 [INFO] com.guru.testing.page.PostAJobPageTest:clickWebCategoryTest()
2017-06-16 10:16:16,529 [INFO] com.guru.testing.page.PostAJobPageTest:checkIfWebCategoryIsSelected()
2017-06-16 10:16:16,563 [INFO] com.guru.testing.page.PostAJobPageTest:enterKeywordsTest()
2017-06-16 10:16:16,563 [INFO] com.guru.testing.page.PostAJobPageTest:didAnySkillMatchAppear()
2017-06-16 10:16:17,147 [INFO] com.guru.testing.page.PostAJobPageTest:didAnySkillMatchAppear(): Matched skills appeared. Clicking on it.
2017-06-16 10:16:17,148 [INFO] com.guru.testing.page.PostAJobPageTest:clickSuggestedSkillMatch()
2017-06-16 10:16:17,242 [INFO] com.guru.testing.page.PostAJobPageTest:enterKeyword()
2017-06-16 10:16:22,519 [INFO] com.guru.testing.page.PostAJobPageTest:checkValidKeywordEntry()
2017-06-16 10:16:27,582 [INFO] com.guru.testing.page.PostAJobPageTest:clickCountryRadioButtonTest()
2017-06-16 10:16:27,681 [INFO] com.guru.testing.page.PostAJobPageTest:enterCountryNameTest()
2017-06-16 10:16:32,971 [INFO] com.guru.testing.page.PostAJobPageTest:checkIfCountryTokenAppearedTest()
2017-06-16 10:16:33,028 [INFO] com.guru.testing.page.PostAJobPageTest:selectFixedPriceBudgetTest()
2017-06-16 10:16:33,191 [INFO] com.guru.testing.page.PostAJobPageTest:clickFeatureMyJobTest()
2017-06-16 10:16:33,254 [INFO] com.guru.testing.page.PostAJobPageTest:clickPostJobButtonTest()
2017-06-16 10:16:49,006 [INFO] com.guru.testing.page.PayNowPageTest:verifyPayForFeaturingJobTest()
2017-06-16 10:16:50,038 [INFO] com.guru.testing.page.PayNowPageTest:verifyPaymentMethodTest()
2017-06-16 10:16:50,235 [INFO] com.guru.testing.page.PayNowPageTest:selectAgreeToPayCheckboxTest()
2017-06-16 10:16:50,328 [INFO] com.guru.testing.page.PayNowPageTest:clickToPayTest()
2017-06-16 10:16:50,436 [INFO] com.guru.testing.page.PayNowPageTest:verifyJobPostedTest()
2017-06-16 10:17:00,395 [INFO] com.guru.testing.page.DashboardPageTest:clickDashboardTopNavTest()
2017-06-16 10:17:02,806 [INFO] com.guru.testing.page.DashboardPageTest:verifyEMPDashboardPageTest()
2017-06-16 10:17:03,009 [INFO] com.guru.testing.page.DashboardPageTest:clickRandomJobnamePostedTest()
2017-06-16 10:17:09,737 [INFO] com.guru.testing.page.HirePageTest:verifyQuotesPageTest()
2017-06-16 10:17:15,183 [INFO] com.guru.testing.page.HirePageTest:verifyQuotesPageTest(): There are quotes applied to the job, so the Search Freelancer button doesn't appear.
2017-06-16 10:17:15,186 [INFO] com.guru.testing.page.HirePageTest:getTinyURLTest()
2017-06-16 10:17:28,586 [INFO] com.guru.testing.page.DashboardPageTest:signOutEmployerTest()
2017-06-16 10:17:33,256 [INFO] com.guru.testing.page.LoginPageTest:verifyLoginPageTest()
2017-06-16 10:17:33,299 [INFO] com.guru.testing.page.LoginPageTest:verifyEmailOrUsernameTextTest()
2017-06-16 10:17:33,325 [INFO] com.guru.testing.page.LoginPageTest:verifyPasswordTextTest()
2017-06-16 10:17:33,378 [INFO] com.guru.testing.page.LoginPageTest:enterEmailOrUsernameTest()
2017-06-16 10:17:33,501 [INFO] com.guru.testing.page.LoginPageTest:enterPasswordTest()
2017-06-16 10:17:33,598 [INFO] com.guru.testing.page.LoginPageTest:clickSignInButtonTest()
2017-06-16 10:17:36,823 [INFO] com.guru.testing.page.SecurityQuestionsPageTest:validateSecurityQuestionsPageTest()
2017-06-16 10:17:36,824 [INFO] com.guru.testing.page.SecurityQuestionsPageTest:verifyingSecurityQuestionsPageTest()
2017-06-16 10:17:36,833 [INFO] com.guru.testing.page.SecurityQuestionsPageTest:verifySkipThisForNowLinkTest()
2017-06-16 10:17:41,899 [INFO] com.guru.testing.page.SecurityQuestionsPageTest:verifySkipThisForNowLinkTest(): 'Skip this for now' link isn't present.
2017-06-16 10:17:41,899 [INFO] com.guru.testing.page.SecurityQuestionsPageTest:enterSecurityAnswerTest()
2017-06-16 10:17:42,069 [INFO] com.guru.testing.page.SecurityQuestionsPageTest:clickContinueButtonTest()
2017-06-16 10:17:48,021 [INFO] com.guru.testing.page.PhoneVerificationPageTest:verifyPhoneVerificationPageTest()
2017-06-16 10:17:58,259 [INFO] com.guru.testing.page.PhoneVerificationPageTest:didPhoneVerificationPageAppearTest(): The Phone verification page didn't appear. Skipping to further verifications.
2017-06-16 10:17:58,263 [INFO] com.guru.testing.page.DashboardPageTest:verifyFLDashboardPageTest()
2017-06-16 10:17:58,520 [INFO] com.guru.testing.page.DashboardPageTest:launchTinyURLTest()
2017-06-16 10:18:05,613 [INFO] com.guru.testing.page.JobDetailsPageTest:verifyJobDetailsPageTest()
2017-06-16 10:18:07,089 [INFO] com.guru.testing.page.JobDetailsPageTest:clickApplyTest()
2017-06-16 10:18:07,142 [INFO] com.guru.testing.page.JobDetailsPageTest:verifyApplyQuotesFormTest()
2017-06-16 10:18:15,903 [INFO] com.guru.testing.page.JobDetailsPageTest:selectAgreementTypeTest()
2017-06-16 10:18:15,979 [INFO] com.guru.testing.page.JobDetailsPageTest:enterMilestonesTest()
2017-06-16 10:18:17,626 [INFO] com.guru.testing.page.JobDetailsPageTest:clickToSubmitQuoteTest()
2017-06-16 10:18:17,714 [INFO] com.guru.testing.page.JobDetailsPageTest:verifyQuoteSubmittedTest()
2017-06-16 10:18:24,075 [INFO] com.guru.testing.page.DashboardPageTest:signOutFlTest()
2017-06-16 10:18:30,977 [INFO] com.guru.testing.page.LoginPageTest:verifyLoginPageTest()
2017-06-16 10:18:31,028 [INFO] com.guru.testing.page.LoginPageTest:verifyEmailOrUsernameTextTest()
2017-06-16 10:18:31,054 [INFO] com.guru.testing.page.LoginPageTest:verifyPasswordTextTest()
2017-06-16 10:18:31,106 [INFO] com.guru.testing.page.LoginPageTest:enterEmailOrUsernameTest()
2017-06-16 10:18:31,228 [INFO] com.guru.testing.page.LoginPageTest:enterPasswordTest()
2017-06-16 10:18:31,319 [INFO] com.guru.testing.page.LoginPageTest:clickSignInButtonTest()
2017-06-16 10:18:41,334 [INFO] com.guru.testing.page.SecurityQuestionsPageTest:validateSecurityQuestionsPageTest()
2017-06-16 10:18:41,335 [INFO] com.guru.testing.page.SecurityQuestionsPageTest:verifyingSecurityQuestionsPageTest()
2017-06-16 10:18:46,439 [INFO] com.guru.testing.page.PhoneVerificationPageTest:verifyPhoneVerificationPageTest()
2017-06-16 10:18:56,676 [INFO] com.guru.testing.page.PhoneVerificationPageTest:didPhoneVerificationPageAppearTest(): The Phone verification page didn't appear. Skipping to further verifications.
2017-06-16 10:18:56,679 [INFO] com.guru.testing.page.DashboardPageTest:verifyEMPDashboardPageTest()
2017-06-16 10:18:56,945 [INFO] com.guru.testing.page.DashboardPageTest:clickRandomJobnamePostedTest()
2017-06-16 10:18:59,900 [INFO] com.guru.testing.page.HirePageTest:verifyQuotesPageTest()
2017-06-16 10:19:05,593 [INFO] com.guru.testing.page.HirePageTest:clickHireBtnTest()
2017-06-16 10:19:06,109 [INFO] com.guru.testing.page.HirePageTest:selectAgreementAckCheckboxTest()
2017-06-16 10:19:06,182 [INFO] com.guru.testing.page.HirePageTest:clickHireInHirePopupTest()
2017-06-16 10:19:12,565 [INFO] com.guru.testing.page.HirePageTest:clickWorkRoomLinkTest()
2017-06-16 10:19:20,661 [INFO] com.guru.testing.page.WorkroomPageTest:verifyEMPStatusUpdatesTabTest()
2017-06-16 10:19:25,886 [INFO] com.guru.testing.page.WorkroomPageTest:clickFileFoldersEMPTest()
2017-06-16 10:19:28,952 [INFO] com.guru.testing.page.WorkroomPageTest:verifyFileFoldersTest()
2017-06-16 10:19:29,797 [INFO] com.guru.testing.page.WorkroomPageTest:clickAddFilesFFTest()
2017-06-16 10:19:30,203 [INFO] com.guru.testing.page.WorkroomPageTest:clickSelectFilesTest()
2017-06-16 10:19:30,284 [INFO] com.guru.testing.page.WorkroomPageTest:uploadFileTest()
2017-06-16 10:19:30,284 [INFO] com.guru.testing.page.HirePageTest:uploadFileTest()
2017-06-16 10:19:38,315 [INFO] com.guru.framework.testing.helpers.FileHandler:uploadFilesFromPath()
2017-06-16 10:19:43,520 [INFO] com.guru.testing.page.HirePageTest:waitTillUploadFinished()
2017-06-16 10:19:47,985 [INFO] com.guru.testing.page.WorkroomPageTest:clickFinishedTest()
2017-06-16 10:19:58,183 [INFO] com.guru.testing.page.WorkroomPageTest:verifyFileAddedPublicFFTest()
2017-06-16 10:19:58,288 [INFO] com.guru.testing.page.DashboardPageTest:signOutEmployerTest()
2017-06-16 10:20:03,015 [INFO] com.guru.testing.page.LoginPageTest:verifyLoginPageTest()
2017-06-16 10:20:03,063 [INFO] com.guru.testing.page.LoginPageTest:verifyEmailOrUsernameTextTest()
2017-06-16 10:20:03,091 [INFO] com.guru.testing.page.LoginPageTest:verifyPasswordTextTest()
2017-06-16 10:20:03,142 [INFO] com.guru.testing.page.LoginPageTest:enterEmailOrUsernameTest()
2017-06-16 10:20:03,255 [INFO] com.guru.testing.page.LoginPageTest:enterPasswordTest()
2017-06-16 10:20:03,344 [INFO] com.guru.testing.page.LoginPageTest:clickSignInButtonTest()
2017-06-16 10:20:07,642 [INFO] com.guru.testing.page.SecurityQuestionsPageTest:validateSecurityQuestionsPageTest()
2017-06-16 10:20:07,642 [INFO] com.guru.testing.page.SecurityQuestionsPageTest:verifyingSecurityQuestionsPageTest()
2017-06-16 10:20:12,754 [INFO] com.guru.testing.page.PhoneVerificationPageTest:verifyPhoneVerificationPageTest()
2017-06-16 10:20:22,984 [INFO] com.guru.testing.page.PhoneVerificationPageTest:didPhoneVerificationPageAppearTest(): The Phone verification page didn't appear. Skipping to further verifications.
2017-06-16 10:20:22,987 [INFO] com.guru.testing.page.DashboardPageTest:verifyFLDashboardPageTest()
2017-06-16 10:20:23,212 [INFO] com.guru.testing.page.DashboardPageTest:clickHiredRandomJobFLTest()
2017-06-16 10:20:31,148 [INFO] com.guru.testing.page.WorkroomPageTest:verifyFLWorkroomPageTest()
2017-06-16 10:20:31,362 [INFO] com.guru.testing.page.WorkroomPageTest:clickFileFoldersFLTest()
2017-06-16 10:20:34,032 [INFO] com.guru.testing.page.WorkroomPageTest:verifyFileAddedPublicFFTest()
2017-06-16 10:20:35,019 [INFO] com.guru.testing.page.WorkroomPageTest:clickEmployerTabTest()
2017-06-16 10:20:37,703 [INFO] com.guru.testing.page.WorkroomPageTest:verifyFLStatusUpdatesTabTest()
2017-06-16 10:20:40,587 [INFO] com.guru.testing.page.WorkroomPageTest:clickFirstMileSendInvTest()
2017-06-16 10:20:40,652 [INFO] com.guru.testing.page.InvoicePageTest:verifyCreateInvoicePageTest()
2017-06-16 10:20:48,717 [INFO] com.guru.testing.page.InvoicePageTest:copyInvTotalOnCreateInvTest()
2017-06-16 10:20:48,740 [INFO] com.guru.testing.page.InvoicePageTest:selectKindOfJobTest()
2017-06-16 10:20:48,815 [INFO] com.guru.testing.page.InvoicePageTest:clickPreviewInvoiceTest()
2017-06-16 10:20:50,983 [INFO] com.guru.testing.page.InvoicePageTest:clickSendInvoiceTest()
2017-06-16 10:20:53,045 [INFO] com.guru.testing.page.InvoicePageTest:verifyInvoicePageTest()
2017-06-16 10:21:00,817 [INFO] com.guru.testing.page.DashboardPageTest:signOutFlTest()
2017-06-16 10:21:05,852 [INFO] com.guru.testing.page.LoginPageTest:verifyLoginPageTest()
2017-06-16 10:21:05,899 [INFO] com.guru.testing.page.LoginPageTest:verifyEmailOrUsernameTextTest()
2017-06-16 10:21:05,924 [INFO] com.guru.testing.page.LoginPageTest:verifyPasswordTextTest()
2017-06-16 10:21:05,976 [INFO] com.guru.testing.page.LoginPageTest:enterEmailOrUsernameTest()
2017-06-16 10:21:06,115 [INFO] com.guru.testing.page.LoginPageTest:enterPasswordTest()
2017-06-16 10:21:06,206 [INFO] com.guru.testing.page.LoginPageTest:clickSignInButtonTest()
2017-06-16 10:21:12,751 [INFO] com.guru.testing.page.SecurityQuestionsPageTest:validateSecurityQuestionsPageTest()
2017-06-16 10:21:12,751 [INFO] com.guru.testing.page.SecurityQuestionsPageTest:verifyingSecurityQuestionsPageTest()
2017-06-16 10:21:17,867 [INFO] com.guru.testing.page.PhoneVerificationPageTest:verifyPhoneVerificationPageTest()
2017-06-16 10:21:28,085 [INFO] com.guru.testing.page.PhoneVerificationPageTest:didPhoneVerificationPageAppearTest(): The Phone verification page didn't appear. Skipping to further verifications.
2017-06-16 10:21:28,088 [INFO] com.guru.testing.page.DashboardPageTest:verifyEMPDashboardPageTest()
2017-06-16 10:21:28,335 [INFO] com.guru.testing.page.DashboardPageTest:clickRandomJobnameWorkroomTest()
2017-06-16 10:21:31,208 [INFO] com.guru.testing.page.WorkroomPageTest:verifyEMPWorkroomPageTest()
2017-06-16 10:21:32,025 [INFO] com.guru.testing.page.WorkroomPageTest:verifyOutstandingInvAmountTest()
